c:\users\mithun\source\repos\simulations\simulations\debug\simulations.pch
c:\users\mithun\source\repos\simulations\simulations\debug\vc141.pdb
c:\users\mithun\source\repos\simulations\simulations\debug\vc141.idb
c:\users\mithun\source\repos\simulations\simulations\debug\stdafx.obj
c:\users\mithun\source\repos\simulations\simulations\debug\constants.obj
c:\users\mithun\source\repos\simulations\simulations\debug\grid.obj
c:\users\mithun\source\repos\simulations\simulations\debug\main.obj
c:\users\mithun\source\repos\simulations\simulations\debug\particle.obj
c:\users\mithun\source\repos\simulations\simulations\debug\simulations.obj
c:\users\mithun\source\repos\simulations\debug\simulations.pdb
c:\users\mithun\source\repos\simulations\simulations\debug\simulations.tlog\cl.command.1.tlog
c:\users\mithun\source\repos\simulations\simulations\debug\simulations.tlog\cl.read.1.tlog
c:\users\mithun\source\repos\simulations\simulations\debug\simulations.tlog\cl.write.1.tlog
c:\users\mithun\source\repos\simulations\simulations\debug\simulations.tlog\link.11420-cvtres.read.1.tlog
c:\users\mithun\source\repos\simulations\simulations\debug\simulations.tlog\link.11420-cvtres.write.1.tlog
c:\users\mithun\source\repos\simulations\simulations\debug\simulations.tlog\link.11420-rc.read.1.tlog
c:\users\mithun\source\repos\simulations\simulations\debug\simulations.tlog\link.11420-rc.write.1.tlog
c:\users\mithun\source\repos\simulations\simulations\debug\simulations.tlog\link.11420.read.1.tlog
c:\users\mithun\source\repos\simulations\simulations\debug\simulations.tlog\link.11420.write.1.tlog
c:\users\mithun\source\repos\simulations\simulations\debug\simulations.tlog\link.command.1.tlog
c:\users\mithun\source\repos\simulations\simulations\debug\simulations.tlog\link.read.1.tlog
c:\users\mithun\source\repos\simulations\simulations\debug\simulations.tlog\link.write.1.tlog
